TN:
SF:node_modules/@openzeppelin/contracts/token/ERC20/ERC20.sol
DA:44,24
FN:44,ERC20.constructor
FNDA:24,ERC20.constructor
DA:45,24
DA:46,24
DA:52,0
FN:52,ERC20.name
FNDA:0,ERC20.name
DA:53,0
DA:60,0
FN:60,ERC20.symbol
FNDA:0,ERC20.symbol
DA:61,0
DA:77,0
FN:77,ERC20.decimals
FNDA:0,ERC20.decimals
DA:78,0
DA:82,0
FN:82,ERC20.totalSupply
FNDA:0,ERC20.totalSupply
DA:83,0
DA:87,61
FN:87,ERC20.balanceOf
FNDA:61,ERC20.balanceOf
DA:88,61
DA:99,7
FN:99,ERC20.transfer
FNDA:7,ERC20.transfer
DA:100,7
DA:101,7
DA:102,7
DA:106,0
FN:106,ERC20.allowance
FNDA:0,ERC20.allowance
DA:107,4
DA:120,5
FN:120,ERC20.approve
FNDA:5,ERC20.approve
DA:121,5
DA:122,5
DA:123,5
DA:142,4
FN:142,ERC20.transferFrom
FNDA:4,ERC20.transferFrom
DA:143,4
DA:144,4
DA:145,4
DA:146,4
DA:159,11
FN:159,ERC20._transfer
FNDA:11,ERC20._transfer
DA:160,11
BRDA:160,0,0,-
DA:161,0
DA:163,11
BRDA:163,1,0,-
DA:164,0
DA:166,11
DA:176,11
FN:176,ERC20._update
FNDA:11,ERC20._update
DA:177,11
BRDA:177,2,0,-
BRDA:177,2,1,11
DA:179,0
DA:181,11
DA:182,11
BRDA:182,3,0,-
DA:183,0
DA:187,11
DA:191,11
BRDA:191,4,0,-
BRDA:191,4,1,11
DA:194,0
DA:199,11
DA:203,11
DA:214,0
FN:214,ERC20._mint
FNDA:0,ERC20._mint
DA:215,0
BRDA:215,5,0,-
DA:216,0
DA:218,0
DA:229,0
FN:229,ERC20._burn
FNDA:0,ERC20._burn
DA:230,0
BRDA:230,6,0,-
DA:231,0
DA:233,0
DA:251,5
FN:251,ERC20._approve.0
FNDA:5,ERC20._approve.0
DA:252,5
DA:273,5
FN:273,ERC20._approve.1
FNDA:5,ERC20._approve.1
DA:274,5
BRDA:274,7,0,-
DA:275,0
DA:277,5
BRDA:277,8,0,-
DA:278,0
DA:280,5
DA:281,5
BRDA:281,9,0,5
DA:282,5
DA:294,4
FN:294,ERC20._spendAllowance
FNDA:4,ERC20._spendAllowance
DA:295,4
DA:296,4
BRDA:296,10,0,-
DA:297,0
BRDA:297,11,0,-
DA:298,0
DA:301,0
FNF:17
FNH:10
LF:69
LH:42
BRF:14
BRH:3
end_of_record
TN:
SF:node_modules/@openzeppelin/contracts/utils/Context.sol
DA:17,16
FN:17,Context._msgSender
FNDA:16,Context._msgSender
DA:18,16
DA:21,0
FN:21,Context._msgData
FNDA:0,Context._msgData
DA:22,0
DA:25,0
FN:25,Context._contextSuffixLength
FNDA:0,Context._contextSuffixLength
DA:26,0
FNF:3
FNH:1
LF:6
LH:2
BRF:0
BRH:0
end_of_record
TN:
SF:src/Staking.sol
DA:30,12
FN:30,StakingRewards.constructor
FNDA:12,StakingRewards.constructor
DA:31,12
DA:32,12
DA:33,12
DA:36,8
FN:36,StakingRewards.onlyOwner
FNDA:8,StakingRewards.onlyOwner
DA:37,8
BRDA:37,0,0,1
BRDA:37,0,1,6
DA:41,2
FN:41,StakingRewards.updateReward
FNDA:2,StakingRewards.updateReward
DA:42,2
DA:43,2
DA:45,2
BRDA:45,1,0,2
DA:46,2
DA:47,2
DA:53,2
FN:53,StakingRewards.lastTimeRewardApplicable
FNDA:2,StakingRewards.lastTimeRewardApplicable
DA:54,28
DA:57,3
FN:57,StakingRewards.rewardPerToken
FNDA:3,StakingRewards.rewardPerToken
DA:58,30
BRDA:58,2,0,21
DA:59,21
DA:62,9
DA:65,5
FN:65,StakingRewards.stake
FNDA:5,StakingRewards.stake
DA:66,5
BRDA:66,3,0,1
BRDA:66,3,1,4
DA:67,4
DA:68,4
DA:69,4
DA:72,2
FN:72,StakingRewards.withdraw
FNDA:2,StakingRewards.withdraw
DA:73,2
BRDA:73,4,0,1
BRDA:73,4,1,1
DA:74,1
DA:75,1
DA:76,1
DA:79,1
FN:79,StakingRewards.earned
FNDA:1,StakingRewards.earned
DA:80,10
DA:81,10
DA:84,2
FN:84,StakingRewards.getReward
FNDA:2,StakingRewards.getReward
DA:85,2
DA:86,2
BRDA:86,5,0,1
DA:87,1
DA:88,1
DA:92,7
FN:92,StakingRewards.setRewardsDuration
FNDA:7,StakingRewards.setRewardsDuration
DA:93,6
BRDA:93,6,0,1
BRDA:93,6,1,5
DA:94,5
DA:97,8
FN:97,StakingRewards.notifyRewardAmount
FNDA:8,StakingRewards.notifyRewardAmount
DA:98,8
BRDA:98,7,0,7
BRDA:98,7,1,1
DA:99,7
DA:101,1
DA:102,1
DA:105,8
BRDA:105,8,0,1
BRDA:105,8,1,7
DA:106,7
BRDA:106,9,0,1
BRDA:106,9,1,6
DA:108,6
DA:109,6
DA:112,28
FN:112,StakingRewards._min
FNDA:28,StakingRewards._min
DA:113,28
FNF:12
FNH:12
LF:50
LH:50
BRF:17
BRH:17
end_of_record
