TN:
SF:node_modules/@openzeppelin/contracts/token/ERC20/ERC20.sol
DA:44,12
FN:44,ERC20.constructor
FNDA:12,ERC20.constructor
DA:45,12
DA:46,12
DA:52,0
FN:52,ERC20.name
FNDA:0,ERC20.name
DA:53,0
DA:60,0
FN:60,ERC20.symbol
FNDA:0,ERC20.symbol
DA:61,0
DA:77,0
FN:77,ERC20.decimals
FNDA:0,ERC20.decimals
DA:78,0
DA:82,0
FN:82,ERC20.totalSupply
FNDA:0,ERC20.totalSupply
DA:83,0
DA:87,22
FN:87,ERC20.balanceOf
FNDA:22,ERC20.balanceOf
DA:88,22
DA:99,2
FN:99,ERC20.transfer
FNDA:2,ERC20.transfer
DA:100,2
DA:101,2
DA:102,2
DA:106,0
FN:106,ERC20.allowance
FNDA:0,ERC20.allowance
DA:107,2
DA:120,3
FN:120,ERC20.approve
FNDA:3,ERC20.approve
DA:121,3
DA:122,3
DA:123,3
DA:142,2
FN:142,ERC20.transferFrom
FNDA:2,ERC20.transferFrom
DA:143,2
DA:144,2
DA:145,2
DA:146,2
DA:159,4
FN:159,ERC20._transfer
FNDA:4,ERC20._transfer
DA:160,4
BRDA:160,0,0,-
DA:161,0
DA:163,4
BRDA:163,1,0,-
DA:164,0
DA:166,4
DA:176,4
FN:176,ERC20._update
FNDA:4,ERC20._update
DA:177,4
BRDA:177,2,0,-
BRDA:177,2,1,4
DA:179,0
DA:181,4
DA:182,4
BRDA:182,3,0,-
DA:183,0
DA:187,4
DA:191,4
BRDA:191,4,0,-
BRDA:191,4,1,4
DA:194,0
DA:199,4
DA:203,4
DA:214,0
FN:214,ERC20._mint
FNDA:0,ERC20._mint
DA:215,0
BRDA:215,5,0,-
DA:216,0
DA:218,0
DA:229,0
FN:229,ERC20._burn
FNDA:0,ERC20._burn
DA:230,0
BRDA:230,6,0,-
DA:231,0
DA:233,0
DA:251,3
FN:251,ERC20._approve.0
FNDA:3,ERC20._approve.0
DA:252,3
DA:273,3
FN:273,ERC20._approve.1
FNDA:3,ERC20._approve.1
DA:274,3
BRDA:274,7,0,-
DA:275,0
DA:277,3
BRDA:277,8,0,-
DA:278,0
DA:280,3
DA:281,3
BRDA:281,9,0,3
DA:282,3
DA:294,2
FN:294,ERC20._spendAllowance
FNDA:2,ERC20._spendAllowance
DA:295,2
DA:296,2
BRDA:296,10,0,-
DA:297,0
BRDA:297,11,0,-
DA:298,0
DA:301,0
FNF:17
FNH:10
LF:69
LH:42
BRF:14
BRH:3
end_of_record
TN:
SF:node_modules/@openzeppelin/contracts/utils/Context.sol
DA:17,7
FN:17,Context._msgSender
FNDA:7,Context._msgSender
DA:18,7
DA:21,0
FN:21,Context._msgData
FNDA:0,Context._msgData
DA:22,0
DA:25,0
FN:25,Context._contextSuffixLength
FNDA:0,Context._contextSuffixLength
DA:26,0
FNF:3
FNH:1
LF:6
LH:2
BRF:0
BRH:0
end_of_record
TN:
SF:src/Staking.sol
DA:30,6
FN:30,StakingRewards.constructor
FNDA:6,StakingRewards.constructor
DA:31,6
DA:32,6
DA:33,6
DA:36,3
FN:36,StakingRewards.onlyOwner
FNDA:3,StakingRewards.onlyOwner
DA:37,3
BRDA:37,0,0,1
BRDA:37,0,1,2
DA:41,2
FN:41,StakingRewards.updateReward
FNDA:2,StakingRewards.updateReward
DA:42,2
DA:43,2
DA:45,2
BRDA:45,1,0,2
DA:46,2
DA:47,2
DA:53,0
FN:53,StakingRewards.lastTimeRewardApplicable
FNDA:0,StakingRewards.lastTimeRewardApplicable
DA:54,10
DA:57,0
FN:57,StakingRewards.rewardPerToken
FNDA:0,StakingRewards.rewardPerToken
DA:58,13
BRDA:58,2,0,11
DA:59,11
DA:62,2
DA:65,3
FN:65,StakingRewards.stake
FNDA:3,StakingRewards.stake
DA:66,3
BRDA:66,3,0,1
BRDA:66,3,1,2
DA:67,2
DA:68,2
DA:69,2
DA:72,2
FN:72,StakingRewards.withdraw
FNDA:2,StakingRewards.withdraw
DA:73,2
BRDA:73,4,0,1
BRDA:73,4,1,1
DA:74,1
DA:75,1
DA:76,1
DA:79,0
FN:79,StakingRewards.earned
FNDA:0,StakingRewards.earned
DA:80,5
DA:81,5
DA:84,0
FN:84,StakingRewards.getReward
FNDA:0,StakingRewards.getReward
DA:85,0
DA:86,0
BRDA:86,5,0,-
DA:87,0
DA:88,0
DA:92,3
FN:92,StakingRewards.setRewardsDuration
FNDA:3,StakingRewards.setRewardsDuration
DA:93,2
BRDA:93,6,0,1
BRDA:93,6,1,1
DA:94,1
DA:97,3
FN:97,StakingRewards.notifyRewardAmount
FNDA:3,StakingRewards.notifyRewardAmount
DA:98,3
BRDA:98,7,0,3
BRDA:98,7,1,-
DA:99,3
DA:101,0
DA:102,0
DA:105,3
BRDA:105,8,0,1
BRDA:105,8,1,2
DA:106,2
BRDA:106,9,0,1
BRDA:106,9,1,1
DA:108,1
DA:109,1
DA:112,10
FN:112,StakingRewards._min
FNDA:10,StakingRewards._min
DA:113,10
FNF:12
FNH:8
LF:50
LH:40
BRF:17
BRH:15
end_of_record
